2025-08-04 15:05:36,202 - INFO - === SPEED Executable Build Process ===
2025-08-04 15:05:36,384 - INFO - Cleaning __pycache__...
2025-08-04 15:05:36,385 - INFO - Cleaning .\game\__pycache__...
2025-08-04 15:05:36,386 - INFO - Cleaning .\models\__pycache__...
2025-08-04 15:05:36,386 - INFO - Cleaning .\ui\__pycache__...
2025-08-04 15:05:36,389 - INFO - Building SPEED executable...
2025-08-04 15:05:59,126 - INFO - 
=== Build Complete! ===
2025-08-04 15:54:28,919 - INFO - === SPEED Executable Build Process ===
2025-08-04 15:54:28,937 - INFO - [OK] PyQt6 is installed
2025-08-04 15:54:29,377 - INFO - [OK] pyinstaller is installed
2025-08-04 15:54:29,466 - INFO - Cleaning build...
2025-08-04 15:54:29,485 - INFO - Cleaning dist...
2025-08-04 15:54:29,500 - INFO - Cleaning .\game\__pycache__...
2025-08-04 15:54:29,505 - INFO - Cleaning .\models\__pycache__...
2025-08-04 15:54:29,507 - INFO - Cleaning .\ui\__pycache__...
2025-08-04 15:54:29,614 - INFO - Building SPEED executable...
2025-08-04 15:55:27,776 - INFO - 
=== Build Complete! ===
2025-08-04 18:19:57,781 - INFO - === SPEED Executable Build Process ===
2025-08-04 18:19:57,789 - INFO - [OK] PyQt6 is installed
2025-08-04 18:19:57,919 - INFO - [OK] pyinstaller is installed
2025-08-04 18:19:57,919 - INFO - Cleaning build...
2025-08-04 18:19:57,936 - INFO - Cleaning dist...
2025-08-04 18:19:57,940 - INFO - Cleaning .\game\__pycache__...
2025-08-04 18:19:57,940 - INFO - Cleaning .\models\__pycache__...
2025-08-04 18:19:57,940 - INFO - Cleaning .\ui\__pycache__...
2025-08-04 18:19:57,946 - INFO - Building SPEED executable...
2025-08-04 18:20:02,014 - INFO - === SPEED Executable Build Process ===
2025-08-04 18:20:02,020 - INFO - [OK] PyQt6 is installed
2025-08-04 18:20:02,159 - INFO - [OK] pyinstaller is installed
2025-08-04 18:20:02,159 - INFO - Cleaning build...
2025-08-04 18:20:02,159 - INFO - Cleaning dist...
2025-08-04 18:20:02,159 - INFO - Building SPEED executable...
2025-08-04 18:20:23,574 - INFO - 
=== Build Complete! ===
2025-08-04 18:20:24,485 - INFO - 
=== Build Complete! ===
2025-08-04 18:27:57,474 - INFO - === SPEED Executable Build Process ===
2025-08-04 18:27:57,483 - INFO - [OK] PyQt6 is installed
2025-08-04 18:27:57,649 - INFO - [OK] pyinstaller is installed
2025-08-04 18:27:57,649 - INFO - Cleaning build...
2025-08-04 18:27:57,649 - INFO - Cleaning dist...
2025-08-04 18:27:57,663 - INFO - Cleaning .\game\__pycache__...
2025-08-04 18:27:57,663 - INFO - Cleaning .\models\__pycache__...
2025-08-04 18:27:57,664 - INFO - Cleaning .\ui\__pycache__...
2025-08-04 18:27:57,667 - INFO - Building SPEED executable...
2025-08-04 18:28:18,707 - INFO - 
=== Build Complete! ===
2025-08-04 19:17:05,142 - INFO - === SPEED Executable Build Process ===
2025-08-04 19:17:05,164 - INFO - [OK] PyQt6 is installed
2025-08-04 19:17:05,305 - INFO - [OK] pyinstaller is installed
2025-08-04 19:17:05,305 - INFO - Cleaning build...
2025-08-04 19:17:05,318 - INFO - Cleaning dist...
2025-08-04 19:17:05,324 - INFO - Cleaning .\game\__pycache__...
2025-08-04 19:17:05,326 - INFO - Cleaning .\models\__pycache__...
2025-08-04 19:17:05,327 - INFO - Cleaning .\ui\__pycache__...
2025-08-04 19:17:05,332 - INFO - Building SPEED executable...
2025-08-04 19:17:27,067 - INFO - 
=== Build Complete! ===
2025-08-04 19:29:05,416 - INFO - === SPEED Executable Build Process ===
2025-08-04 19:29:05,440 - INFO - [OK] PyQt6 is installed
2025-08-04 19:29:05,778 - INFO - [OK] pyinstaller is installed
2025-08-04 19:29:05,778 - INFO - Cleaning build...
2025-08-04 19:29:05,801 - INFO - Cleaning dist...
2025-08-04 19:29:05,820 - INFO - Cleaning .\game\__pycache__...
2025-08-04 19:29:05,823 - INFO - Cleaning .\models\__pycache__...
2025-08-04 19:29:05,823 - INFO - Cleaning .\ui\__pycache__...
2025-08-04 19:29:05,840 - INFO - Building SPEED executable...
2025-08-04 19:29:49,754 - INFO - 
=== Build Complete! ===
2025-08-04 19:40:19,704 - INFO - === SPEED Executable Build Process ===
2025-08-04 19:40:19,726 - INFO - [OK] PyQt6 is installed
2025-08-04 19:40:20,117 - INFO - [OK] pyinstaller is installed
2025-08-04 19:40:20,117 - INFO - Cleaning build...
2025-08-04 19:40:20,140 - INFO - Cleaning dist...
2025-08-04 19:40:20,154 - INFO - Cleaning .\game\__pycache__...
2025-08-04 19:40:20,159 - INFO - Cleaning .\models\__pycache__...
2025-08-04 19:40:20,161 - INFO - Cleaning .\ui\__pycache__...
2025-08-04 19:40:20,178 - INFO - Building SPEED executable...
2025-08-04 19:41:15,268 - INFO - 
=== Build Complete! ===
2025-08-04 20:00:50,581 - INFO - === SPEED Executable Build Process ===
2025-08-04 20:00:50,592 - INFO - [OK] PyQt6 is installed
2025-08-04 20:00:51,020 - INFO - [OK] pyinstaller is installed
2025-08-04 20:00:52,526 - INFO - Cleaning build...
2025-08-04 20:00:52,559 - INFO - Cleaning dist...
2025-08-04 20:00:52,575 - INFO - Cleaning .\game\__pycache__...
2025-08-04 20:00:52,581 - INFO - Cleaning .\models\__pycache__...
2025-08-04 20:00:52,581 - INFO - Cleaning .\ui\__pycache__...
2025-08-04 20:00:52,607 - INFO - Building SPEED executable...
2025-08-04 20:01:44,892 - INFO - 
=== Build Complete! ===
2025-08-04 20:12:32,677 - INFO - === SPEED Executable Build Process ===
2025-08-04 20:12:32,697 - INFO - [OK] PyQt6 is installed
2025-08-04 20:12:33,007 - INFO - [OK] pyinstaller is installed
2025-08-04 20:12:33,007 - INFO - Cleaning build...
2025-08-04 20:12:33,025 - INFO - Cleaning dist...
2025-08-04 20:12:33,036 - INFO - Cleaning .\game\__pycache__...
2025-08-04 20:12:33,040 - INFO - Cleaning .\models\__pycache__...
2025-08-04 20:12:33,040 - INFO - Cleaning .\ui\__pycache__...
2025-08-04 20:12:33,052 - INFO - Building SPEED executable...
2025-08-04 20:13:30,971 - INFO - 
=== Build Complete! ===
2025-08-04 20:58:11,955 - INFO - === SPEED Executable Build Process ===
2025-08-04 20:58:11,980 - INFO - [OK] PyQt6 is installed
2025-08-04 20:58:12,294 - INFO - [OK] pyinstaller is installed
2025-08-04 20:58:12,294 - INFO - Cleaning build...
2025-08-04 20:58:12,310 - INFO - Cleaning dist...
2025-08-04 20:58:12,327 - INFO - Cleaning .\game\__pycache__...
2025-08-04 20:58:12,334 - INFO - Cleaning .\models\__pycache__...
2025-08-04 20:58:12,334 - INFO - Cleaning .\ui\__pycache__...
2025-08-04 20:58:12,350 - INFO - Building SPEED executable...
2025-08-04 20:58:58,036 - INFO - 
=== Build Complete! ===
2025-08-04 21:08:01,818 - INFO - === SPEED Executable Build Process ===
2025-08-04 21:08:01,834 - INFO - [OK] PyQt6 is installed
2025-08-04 21:08:02,141 - INFO - [OK] pyinstaller is installed
2025-08-04 21:08:02,141 - INFO - Cleaning build...
2025-08-04 21:08:02,149 - INFO - Cleaning dist...
2025-08-04 21:08:02,161 - INFO - Cleaning .\game\__pycache__...
2025-08-04 21:08:02,163 - INFO - Cleaning .\models\__pycache__...
2025-08-04 21:08:02,163 - INFO - Cleaning .\ui\__pycache__...
2025-08-04 21:08:02,171 - INFO - Building SPEED executable...
2025-08-04 21:08:44,603 - INFO - 
=== Build Complete! ===
